<?xml version="1.0" encoding="UTF-8"?>
<testng-results skipped="1" failed="0" ignored="0" total="7" passed="6">
  <reporter-output>
  </reporter-output>
  <suite name="Surefire suite" duration-ms="4145" started-at="2018-09-27T06:51:36Z" finished-at="2018-09-27T06:51:41Z">
    <groups>
    </groups>
    <test name="Surefire test" duration-ms="4145" started-at="2018-09-27T06:51:36Z" finished-at="2018-09-27T06:51:41Z">
      <class name="org.jboss.as.quickstarts.tasksrs.service.UserResourceTest">
        <test-method status="SKIP" signature="getUsersSortedByTask()" name="getUsersSortedByTask" duration-ms="0" started-at="2018-09-27T06:51:41Z" finished-at="2018-09-27T06:51:41Z">
          <reporter-output>
          </reporter-output>
        </test-method> <!-- getUsersSortedByTask -->
      </class> <!-- org.jboss.as.quickstarts.tasksrs.service.UserResourceTest -->
      <class name="org.jboss.as.quickstarts.tasksrs.service.AppTest">
        <test-method status="PASS" signature="getTaskByIdWithNonExistingUser()" name="getTaskByIdWithNonExistingUser" duration-ms="3303" started-at="2018-09-27T06:51:37Z" finished-at="2018-09-27T06:51:41Z">
          <reporter-output>
          </reporter-output>
        </test-method> <!-- getTaskByIdWithNonExistingUser -->
        <test-method status="PASS" signature="deleteTaskById()" name="deleteTaskById" duration-ms="3306" started-at="2018-09-27T06:51:37Z" finished-at="2018-09-27T06:51:41Z">
          <reporter-output>
          </reporter-output>
        </test-method> <!-- deleteTaskById -->
        <test-method status="PASS" signature="createTaskWithNewUser()" name="createTaskWithNewUser" duration-ms="4" started-at="2018-09-27T06:51:37Z" finished-at="2018-09-27T06:51:37Z">
          <reporter-output>
          </reporter-output>
        </test-method> <!-- createTaskWithNewUser -->
      </class> <!-- org.jboss.as.quickstarts.tasksrs.service.AppTest -->
      <class name="org.jboss.as.quickstarts.tasksrs.service.TaskResourceTest">
        <test-method status="PASS" signature="getTaskByIdWithNonExistingUser()" name="getTaskByIdWithNonExistingUser" duration-ms="673" started-at="2018-09-27T06:51:37Z" finished-at="2018-09-27T06:51:37Z">
          <reporter-output>
          </reporter-output>
        </test-method> <!-- getTaskByIdWithNonExistingUser -->
        <test-method status="PASS" signature="createTaskWithNewUser()" name="createTaskWithNewUser" duration-ms="669" started-at="2018-09-27T06:51:37Z" finished-at="2018-09-27T06:51:37Z">
          <reporter-output>
          </reporter-output>
        </test-method> <!-- createTaskWithNewUser -->
        <test-method status="PASS" signature="deleteTaskById()" name="deleteTaskById" duration-ms="676" started-at="2018-09-27T06:51:37Z" finished-at="2018-09-27T06:51:37Z">
          <reporter-output>
          </reporter-output>
        </test-method> <!-- deleteTaskById -->
      </class> <!-- org.jboss.as.quickstarts.tasksrs.service.TaskResourceTest -->
    </test> <!-- Surefire test -->
  </suite> <!-- Surefire suite -->
</testng-results>
