<?xml version="1.0" encoding="UTF-8"?>
<testng-results skipped="0" failed="0" ignored="1" total="1" passed="0">
  <reporter-output>
  </reporter-output>
  <suite name="Example test run" duration-ms="6" started-at="2018-09-27T01:29:27Z" finished-at="2018-09-27T01:29:27Z">
    <groups>
    </groups>
    <test name="Simple Test" duration-ms="6" started-at="2018-09-27T01:29:27Z" finished-at="2018-09-27T01:29:27Z">
    </test> <!-- Simple Test -->
  </suite> <!-- Example test run -->
</testng-results>
