<?xml version="1.0" encoding="UTF-8"?>
<testng-results skipped="0" failed="0" ignored="0" total="1" passed="1">
  <reporter-output>
  </reporter-output>
  <suite name="Example test run" duration-ms="2433" started-at="2018-09-27T02:03:09Z" finished-at="2018-09-27T02:03:11Z">
    <groups>
    </groups>
    <test name="Simple Test" duration-ms="2433" started-at="2018-09-27T02:03:09Z" finished-at="2018-09-27T02:03:11Z">
      <class name="org.jboss.as.quickstarts.tasksrs.service.AppTest">
        <test-method status="PASS" signature="createAndStartService()[pri:0, instance:org.jboss.as.quickstarts.tasksrs.service.AppTest@701fc37a]" name="createAndStartService" is-config="true" duration-ms="617" started-at="2018-09-27T02:03:09Z" finished-at="2018-09-27T02:03:10Z">
          <reporter-output>
          </reporter-output>
        </test-method> <!-- createAndStartService -->
        <test-method status="PASS" signature="testSetUp()[pri:0, instance:org.jboss.as.quickstarts.tasksrs.service.AppTest@701fc37a]" name="testSetUp" is-config="true" duration-ms="619" started-at="2018-09-27T02:03:10Z" finished-at="2018-09-27T02:03:10Z">
          <reporter-output>
          </reporter-output>
        </test-method> <!-- testSetUp -->
        <test-method status="PASS" signature="verifyOpenShiftTasksPageTittle()[pri:0, instance:org.jboss.as.quickstarts.tasksrs.service.AppTest@701fc37a]" name="verifyOpenShiftTasksPageTittle" duration-ms="619" started-at="2018-09-27T02:03:10Z" finished-at="2018-09-27T02:03:11Z">
          <reporter-output>
          </reporter-output>
        </test-method> <!-- verifyOpenShiftTasksPageTittle -->
        <test-method status="PASS" signature="tearDown()[pri:0, instance:org.jboss.as.quickstarts.tasksrs.service.AppTest@701fc37a]" name="tearDown" is-config="true" duration-ms="564" started-at="2018-09-27T02:03:11Z" finished-at="2018-09-27T02:03:11Z">
          <reporter-output>
          </reporter-output>
        </test-method> <!-- tearDown -->
      </class> <!-- org.jboss.as.quickstarts.tasksrs.service.AppTest -->
    </test> <!-- Simple Test -->
  </suite> <!-- Example test run -->
</testng-results>
