<?xml version="1.0" encoding="UTF-8"?>
<!-- Generated by org.testng.reporters.JUnitXMLReporter -->
<testsuite hostname="Suryas-MBP" ignored="0" name="Surefire test" tests="7" failures="0" timestamp="27 Sep 2018 06:51:41 GMT" time="4.145" errors="0">
  <testcase name="createTaskWithNewUser on createTaskWithNewUser(org.jboss.as.quickstarts.tasksrs.service.TaskResourceTest)" time="0.669" classname="org.jboss.as.quickstarts.tasksrs.service.TaskResourceTest"/>
  <testcase name="getTaskByIdWithNonExistingUser on getTaskByIdWithNonExistingUser(org.jboss.as.quickstarts.tasksrs.service.TaskResourceTest)" time="0.673" classname="org.jboss.as.quickstarts.tasksrs.service.TaskResourceTest"/>
  <testcase name="deleteTaskById on deleteTaskById(org.jboss.as.quickstarts.tasksrs.service.TaskResourceTest)" time="0.676" classname="org.jboss.as.quickstarts.tasksrs.service.TaskResourceTest"/>
  <testcase name="createTaskWithNewUser on createTaskWithNewUser(org.jboss.as.quickstarts.tasksrs.service.AppTest)" time="0.004" classname="org.jboss.as.quickstarts.tasksrs.service.AppTest"/>
  <testcase name="getTaskByIdWithNonExistingUser on getTaskByIdWithNonExistingUser(org.jboss.as.quickstarts.tasksrs.service.AppTest)" time="3.303" classname="org.jboss.as.quickstarts.tasksrs.service.AppTest"/>
  <testcase name="deleteTaskById on deleteTaskById(org.jboss.as.quickstarts.tasksrs.service.AppTest)" time="3.306" classname="org.jboss.as.quickstarts.tasksrs.service.AppTest"/>
  <testcase name="getUsersSortedByTask on getUsersSortedByTask(org.jboss.as.quickstarts.tasksrs.service.UserResourceTest)" time="0.0" classname="org.jboss.as.quickstarts.tasksrs.service.UserResourceTest">
    <skipped/>
  </testcase> <!-- getUsersSortedByTask on getUsersSortedByTask(org.jboss.as.quickstarts.tasksrs.service.UserResourceTest) -->
</testsuite> <!-- Surefire test -->
