<?xml version="1.0" encoding="UTF-8"?>
<!-- Generated by org.testng.reporters.JUnitXMLReporter -->
<testsuite hostname="Suryas-MBP" ignored="0" name="Surefire test" tests="12" failures="0" timestamp="27 Sep 2018 01:02:54 GMT" time="22.428" errors="0">
  <testcase name="null" time="0.0" classname="org.jboss.as.quickstarts.tasksrs.UserDaoTest">
    <failure type="org.jboss.arquillian.container.spi.client.container.DeploymentException" message="Cannot deploy: test.war">
      <![CDATA[org.jboss.arquillian.container.spi.client.container.DeploymentException: Cannot deploy: test.war
at org.jboss.as.arquillian.container.ArchiveDeployer.deployInternal(ArchiveDeployer.java:83)
at org.jboss.as.arquillian.container.ArchiveDeployer.deployInternal(ArchiveDeployer.java:64)
at org.jboss.as.arquillian.container.ArchiveDeployer.deploy(ArchiveDeployer.java:46)
at org.jboss.as.arquillian.container.CommonDeployableContainer.deploy(CommonDeployableContainer.java:144)
at org.jboss.arquillian.container.impl.client.container.ContainerDeployController$3.call(ContainerDeployController.java:161)
at org.jboss.arquillian.container.impl.client.container.ContainerDeployController$3.call(ContainerDeployController.java:128)
at org.jboss.arquillian.container.impl.client.container.ContainerDeployController.executeOperation(ContainerDeployController.java:271)
at org.jboss.arquillian.container.impl.client.container.ContainerDeployController.deploy(ContainerDeployController.java:127)
at org.jboss.arquillian.core.impl.ObserverImpl.invoke(ObserverImpl.java:94)
at org.jboss.arquillian.core.impl.EventContextImpl.invokeObservers(EventContextImpl.java:99)
at org.jboss.arquillian.core.impl.EventContextImpl.proceed(EventContextImpl.java:81)
at org.jboss.arquillian.container.impl.client.ContainerDeploymentContextHandler.createDeploymentContext(ContainerDeploymentContextHandler.java:78)
at org.jboss.arquillian.core.impl.ObserverImpl.invoke(ObserverImpl.java:94)
at org.jboss.arquillian.core.impl.EventContextImpl.proceed(EventContextImpl.java:88)
at org.jboss.arquillian.container.impl.client.ContainerDeploymentContextHandler.createContainerContext(ContainerDeploymentContextHandler.java:57)
at org.jboss.arquillian.core.impl.ObserverImpl.invoke(ObserverImpl.java:94)
at org.jboss.arquillian.core.impl.EventContextImpl.proceed(EventContextImpl.java:88)
at org.jboss.arquillian.container.impl.client.container.DeploymentExceptionHandler.verifyExpectedExceptionDuringDeploy(DeploymentExceptionHandler.java:50)
at org.jboss.arquillian.core.impl.ObserverImpl.invoke(ObserverImpl.java:94)
at org.jboss.arquillian.core.impl.EventContextImpl.proceed(EventContextImpl.java:88)
at org.jboss.arquillian.core.impl.ManagerImpl.fire(ManagerImpl.java:135)
at org.jboss.arquillian.core.impl.ManagerImpl.fire(ManagerImpl.java:115)
at org.jboss.arquillian.core.impl.EventImpl.fire(EventImpl.java:67)
at org.jboss.arquillian.container.impl.client.container.ContainerDeployController$1.perform(ContainerDeployController.java:95)
at org.jboss.arquillian.container.impl.client.container.ContainerDeployController$1.perform(ContainerDeployController.java:80)
at org.jboss.arquillian.container.impl.client.container.ContainerDeployController.forEachDeployment(ContainerDeployController.java:263)
at org.jboss.arquillian.container.impl.client.container.ContainerDeployController.forEachManagedDeployment(ContainerDeployController.java:239)
at org.jboss.arquillian.container.impl.client.container.ContainerDeployController.deployManaged(ContainerDeployController.java:79)
at org.jboss.arquillian.core.impl.ObserverImpl.invoke(ObserverImpl.java:94)
at org.jboss.arquillian.core.impl.EventContextImpl.invokeObservers(EventContextImpl.java:99)
at org.jboss.arquillian.core.impl.EventContextImpl.proceed(EventContextImpl.java:81)
at org.jboss.arquillian.core.impl.ManagerImpl.fire(ManagerImpl.java:135)
at org.jboss.arquillian.core.impl.ManagerImpl.fire(ManagerImpl.java:115)
at org.jboss.arquillian.core.impl.EventImpl.fire(EventImpl.java:67)
at org.jboss.arquillian.container.test.impl.client.ContainerEventController.execute(ContainerEventController.java:101)
at org.jboss.arquillian.core.impl.ObserverImpl.invoke(ObserverImpl.java:94)
at org.jboss.arquillian.core.impl.EventContextImpl.invokeObservers(EventContextImpl.java:99)
at org.jboss.arquillian.core.impl.EventContextImpl.proceed(EventContextImpl.java:81)
at org.jboss.arquillian.test.impl.TestContextHandler.createSuiteContext(TestContextHandler.java:60)
at org.jboss.arquillian.core.impl.ObserverImpl.invoke(ObserverImpl.java:94)
at org.jboss.arquillian.core.impl.EventContextImpl.proceed(EventContextImpl.java:88)
at org.jboss.arquillian.test.impl.TestContextHandler.createClassContext(TestContextHandler.java:75)
at org.jboss.arquillian.core.impl.ObserverImpl.invoke(ObserverImpl.java:94)
at org.jboss.arquillian.core.impl.EventContextImpl.proceed(EventContextImpl.java:88)
at org.jboss.arquillian.core.impl.ManagerImpl.fire(ManagerImpl.java:135)
at org.jboss.arquillian.core.impl.ManagerImpl.fire(ManagerImpl.java:115)
at org.jboss.arquillian.test.impl.EventTestRunnerAdaptor.beforeClass(EventTestRunnerAdaptor.java:80)
at org.jboss.arquillian.junit.Arquillian$2.evaluate(Arquillian.java:182)
at org.jboss.arquillian.junit.Arquillian.multiExecute(Arquillian.java:314)
at org.jboss.arquillian.junit.Arquillian.access$100(Arquillian.java:46)
at org.jboss.arquillian.junit.Arquillian$3.evaluate(Arquillian.java:199)
at org.junit.runners.ParentRunner.run(ParentRunner.java:309)
at org.jboss.arquillian.junit.Arquillian.run(Arquillian.java:147)
at org.junit.runner.JUnitCore.run(JUnitCore.java:160)
at org.junit.runner.JUnitCore.run(JUnitCore.java:138)
Caused by: java.net.ConnectException: JBAS012144: Could not connect to remote://127.0.0.1:9999. The connection timed out
at org.jboss.as.protocol.ProtocolConnectionUtils.connectSync(ProtocolConnectionUtils.java:130)
at org.jboss.as.protocol.ProtocolConnectionManager$EstablishingConnection.connect(ProtocolConnectionManager.java:256)
at org.jboss.as.protocol.ProtocolConnectionManager.connect(ProtocolConnectionManager.java:70)
at org.jboss.as.protocol.mgmt.FutureManagementChannel$Establishing.getChannel(FutureManagementChannel.java:176)
at org.jboss.as.controller.client.impl.RemotingModelControllerClient.getOrCreateChannel(RemotingModelControllerClient.java:144)
at org.jboss.as.controller.client.impl.RemotingModelControllerClient$1.getChannel(RemotingModelControllerClient.java:65)
at org.jboss.as.protocol.mgmt.ManagementChannelHandler.executeRequest(ManagementChannelHandler.java:115)
at org.jboss.as.protocol.mgmt.ManagementChannelHandler.executeRequest(ManagementChannelHandler.java:98)
at org.jboss.as.controller.client.impl.AbstractModelControllerClient.executeRequest(AbstractModelControllerClient.java:236)
at org.jboss.as.controller.client.impl.AbstractModelControllerClient.execute(AbstractModelControllerClient.java:141)
at org.jboss.as.controller.client.impl.AbstractModelControllerClient.executeAsync(AbstractModelControllerClient.java:101)
at org.jboss.as.controller.client.helpers.standalone.impl.ModelControllerClientServerDeploymentManager.executeOperation(ModelControllerClientServerDeploymentManager.java:51)
at org.jboss.as.controller.client.helpers.standalone.impl.AbstractServerDeploymentManager.execute(AbstractServerDeploymentManager.java:79)
at org.jboss.as.controller.client.helpers.standalone.ServerDeploymentHelper.deploy(ServerDeploymentHelper.java:49)
at org.jboss.as.arquillian.container.ArchiveDeployer.deployInternal(ArchiveDeployer.java:77)
... 109 more
... Removed 55 stack frames]]>
    </failure>
  </testcase> <!-- null -->
  <testcase name="null" time="0.001" classname="org.jboss.as.quickstarts.tasksrs.TaskDaoTest">
    <failure type="org.jboss.arquillian.container.spi.client.container.DeploymentException" message="Cannot deploy: test.war">
      <![CDATA[org.jboss.arquillian.container.spi.client.container.DeploymentException: Cannot deploy: test.war
at org.jboss.as.arquillian.container.ArchiveDeployer.deployInternal(ArchiveDeployer.java:83)
at org.jboss.as.arquillian.container.ArchiveDeployer.deployInternal(ArchiveDeployer.java:64)
at org.jboss.as.arquillian.container.ArchiveDeployer.deploy(ArchiveDeployer.java:46)
at org.jboss.as.arquillian.container.CommonDeployableContainer.deploy(CommonDeployableContainer.java:144)
at org.jboss.arquillian.container.impl.client.container.ContainerDeployController$3.call(ContainerDeployController.java:161)
at org.jboss.arquillian.container.impl.client.container.ContainerDeployController$3.call(ContainerDeployController.java:128)
at org.jboss.arquillian.container.impl.client.container.ContainerDeployController.executeOperation(ContainerDeployController.java:271)
at org.jboss.arquillian.container.impl.client.container.ContainerDeployController.deploy(ContainerDeployController.java:127)
at org.jboss.arquillian.core.impl.ObserverImpl.invoke(ObserverImpl.java:94)
at org.jboss.arquillian.core.impl.EventContextImpl.invokeObservers(EventContextImpl.java:99)
at org.jboss.arquillian.core.impl.EventContextImpl.proceed(EventContextImpl.java:81)
at org.jboss.arquillian.container.impl.client.ContainerDeploymentContextHandler.createDeploymentContext(ContainerDeploymentContextHandler.java:78)
at org.jboss.arquillian.core.impl.ObserverImpl.invoke(ObserverImpl.java:94)
at org.jboss.arquillian.core.impl.EventContextImpl.proceed(EventContextImpl.java:88)
at org.jboss.arquillian.container.impl.client.ContainerDeploymentContextHandler.createContainerContext(ContainerDeploymentContextHandler.java:57)
at org.jboss.arquillian.core.impl.ObserverImpl.invoke(ObserverImpl.java:94)
at org.jboss.arquillian.core.impl.EventContextImpl.proceed(EventContextImpl.java:88)
at org.jboss.arquillian.container.impl.client.container.DeploymentExceptionHandler.verifyExpectedExceptionDuringDeploy(DeploymentExceptionHandler.java:50)
at org.jboss.arquillian.core.impl.ObserverImpl.invoke(ObserverImpl.java:94)
at org.jboss.arquillian.core.impl.EventContextImpl.proceed(EventContextImpl.java:88)
at org.jboss.arquillian.core.impl.ManagerImpl.fire(ManagerImpl.java:135)
at org.jboss.arquillian.core.impl.ManagerImpl.fire(ManagerImpl.java:115)
at org.jboss.arquillian.core.impl.EventImpl.fire(EventImpl.java:67)
at org.jboss.arquillian.container.impl.client.container.ContainerDeployController$1.perform(ContainerDeployController.java:95)
at org.jboss.arquillian.container.impl.client.container.ContainerDeployController$1.perform(ContainerDeployController.java:80)
at org.jboss.arquillian.container.impl.client.container.ContainerDeployController.forEachDeployment(ContainerDeployController.java:263)
at org.jboss.arquillian.container.impl.client.container.ContainerDeployController.forEachManagedDeployment(ContainerDeployController.java:239)
at org.jboss.arquillian.container.impl.client.container.ContainerDeployController.deployManaged(ContainerDeployController.java:79)
at org.jboss.arquillian.core.impl.ObserverImpl.invoke(ObserverImpl.java:94)
at org.jboss.arquillian.core.impl.EventContextImpl.invokeObservers(EventContextImpl.java:99)
at org.jboss.arquillian.core.impl.EventContextImpl.proceed(EventContextImpl.java:81)
at org.jboss.arquillian.core.impl.ManagerImpl.fire(ManagerImpl.java:135)
at org.jboss.arquillian.core.impl.ManagerImpl.fire(ManagerImpl.java:115)
at org.jboss.arquillian.core.impl.EventImpl.fire(EventImpl.java:67)
at org.jboss.arquillian.container.test.impl.client.ContainerEventController.execute(ContainerEventController.java:101)
at org.jboss.arquillian.core.impl.ObserverImpl.invoke(ObserverImpl.java:94)
at org.jboss.arquillian.core.impl.EventContextImpl.invokeObservers(EventContextImpl.java:99)
at org.jboss.arquillian.core.impl.EventContextImpl.proceed(EventContextImpl.java:81)
at org.jboss.arquillian.test.impl.TestContextHandler.createSuiteContext(TestContextHandler.java:60)
at org.jboss.arquillian.core.impl.ObserverImpl.invoke(ObserverImpl.java:94)
at org.jboss.arquillian.core.impl.EventContextImpl.proceed(EventContextImpl.java:88)
at org.jboss.arquillian.test.impl.TestContextHandler.createClassContext(TestContextHandler.java:75)
at org.jboss.arquillian.core.impl.ObserverImpl.invoke(ObserverImpl.java:94)
at org.jboss.arquillian.core.impl.EventContextImpl.proceed(EventContextImpl.java:88)
at org.jboss.arquillian.core.impl.ManagerImpl.fire(ManagerImpl.java:135)
at org.jboss.arquillian.core.impl.ManagerImpl.fire(ManagerImpl.java:115)
at org.jboss.arquillian.test.impl.EventTestRunnerAdaptor.beforeClass(EventTestRunnerAdaptor.java:80)
at org.jboss.arquillian.junit.Arquillian$2.evaluate(Arquillian.java:182)
at org.jboss.arquillian.junit.Arquillian.multiExecute(Arquillian.java:314)
at org.jboss.arquillian.junit.Arquillian.access$100(Arquillian.java:46)
at org.jboss.arquillian.junit.Arquillian$3.evaluate(Arquillian.java:199)
at org.junit.runners.ParentRunner.run(ParentRunner.java:309)
at org.jboss.arquillian.junit.Arquillian.run(Arquillian.java:147)
at org.junit.runner.JUnitCore.run(JUnitCore.java:160)
at org.junit.runner.JUnitCore.run(JUnitCore.java:138)
Caused by: java.net.ConnectException: JBAS012144: Could not connect to remote://127.0.0.1:9999. The connection timed out
at org.jboss.as.protocol.ProtocolConnectionUtils.connectSync(ProtocolConnectionUtils.java:130)
at org.jboss.as.protocol.ProtocolConnectionManager$EstablishingConnection.connect(ProtocolConnectionManager.java:256)
at org.jboss.as.protocol.ProtocolConnectionManager.connect(ProtocolConnectionManager.java:70)
at org.jboss.as.protocol.mgmt.FutureManagementChannel$Establishing.getChannel(FutureManagementChannel.java:176)
at org.jboss.as.controller.client.impl.RemotingModelControllerClient.getOrCreateChannel(RemotingModelControllerClient.java:144)
at org.jboss.as.controller.client.impl.RemotingModelControllerClient$1.getChannel(RemotingModelControllerClient.java:65)
at org.jboss.as.protocol.mgmt.ManagementChannelHandler.executeRequest(ManagementChannelHandler.java:115)
at org.jboss.as.protocol.mgmt.ManagementChannelHandler.executeRequest(ManagementChannelHandler.java:98)
at org.jboss.as.controller.client.impl.AbstractModelControllerClient.executeRequest(AbstractModelControllerClient.java:236)
at org.jboss.as.controller.client.impl.AbstractModelControllerClient.execute(AbstractModelControllerClient.java:141)
at org.jboss.as.controller.client.impl.AbstractModelControllerClient.executeAsync(AbstractModelControllerClient.java:101)
at org.jboss.as.controller.client.helpers.standalone.impl.ModelControllerClientServerDeploymentManager.executeOperation(ModelControllerClientServerDeploymentManager.java:51)
at org.jboss.as.controller.client.helpers.standalone.impl.AbstractServerDeploymentManager.execute(AbstractServerDeploymentManager.java:79)
at org.jboss.as.controller.client.helpers.standalone.ServerDeploymentHelper.deploy(ServerDeploymentHelper.java:49)
at org.jboss.as.arquillian.container.ArchiveDeployer.deployInternal(ArchiveDeployer.java:77)
... 109 more
... Removed 55 stack frames]]>
    </failure>
  </testcase> <!-- null -->
  <testcase name="user_should_be_retrievable_from_userDao_by_username on user_should_be_retrievable_from_userDao_by_username(org.jboss.as.quickstarts.tasksrs.UserDaoTest)" time="0.0" classname="org.jboss.as.quickstarts.tasksrs.UserDaoTest">
    <skipped/>
  </testcase> <!-- user_should_be_retrievable_from_userDao_by_username on user_should_be_retrievable_from_userDao_by_username(org.jboss.as.quickstarts.tasksrs.UserDaoTest) -->
  <testcase name="userDao_should_return_null_when_searching_for_non_existent_user on userDao_should_return_null_when_searching_for_non_existent_user(org.jboss.as.quickstarts.tasksrs.UserDaoTest)" time="0.0" classname="org.jboss.as.quickstarts.tasksrs.UserDaoTest">
    <skipped/>
  </testcase> <!-- userDao_should_return_null_when_searching_for_non_existent_user on userDao_should_return_null_when_searching_for_non_existent_user(org.jboss.as.quickstarts.tasksrs.UserDaoTest) -->
  <testcase name="userDao_should_create_user_so_it_could_be_retrieved_from_userDao_by_username on userDao_should_create_user_so_it_could_be_retrieved_from_userDao_by_username(org.jboss.as.quickstarts.tasksrs.UserDaoTest)" time="0.0" classname="org.jboss.as.quickstarts.tasksrs.UserDaoTest">
    <skipped/>
  </testcase> <!-- userDao_should_create_user_so_it_could_be_retrieved_from_userDao_by_username on userDao_should_create_user_so_it_could_be_retrieved_from_userDao_by_username(org.jboss.as.quickstarts.tasksrs.UserDaoTest) -->
  <testcase name="user_should_be_created_with_one_task_attached on user_should_be_created_with_one_task_attached(org.jboss.as.quickstarts.tasksrs.TaskDaoTest)" time="0.0" classname="org.jboss.as.quickstarts.tasksrs.TaskDaoTest">
    <skipped/>
  </testcase> <!-- user_should_be_created_with_one_task_attached on user_should_be_created_with_one_task_attached(org.jboss.as.quickstarts.tasksrs.TaskDaoTest) -->
  <testcase name="all_tasks_should_be_obtained_from_detachedUser on all_tasks_should_be_obtained_from_detachedUser(org.jboss.as.quickstarts.tasksrs.TaskDaoTest)" time="0.0" classname="org.jboss.as.quickstarts.tasksrs.TaskDaoTest">
    <skipped/>
  </testcase> <!-- all_tasks_should_be_obtained_from_detachedUser on all_tasks_should_be_obtained_from_detachedUser(org.jboss.as.quickstarts.tasksrs.TaskDaoTest) -->
  <testcase name="range_of_tasks_should_be_provided_by_taskDao on range_of_tasks_should_be_provided_by_taskDao(org.jboss.as.quickstarts.tasksrs.TaskDaoTest)" time="0.0" classname="org.jboss.as.quickstarts.tasksrs.TaskDaoTest">
    <skipped/>
  </testcase> <!-- range_of_tasks_should_be_provided_by_taskDao on range_of_tasks_should_be_provided_by_taskDao(org.jboss.as.quickstarts.tasksrs.TaskDaoTest) -->
  <testcase name="taskDao_should_provide_basic_case_insensitive_full_text_search on taskDao_should_provide_basic_case_insensitive_full_text_search(org.jboss.as.quickstarts.tasksrs.TaskDaoTest)" time="0.0" classname="org.jboss.as.quickstarts.tasksrs.TaskDaoTest">
    <skipped/>
  </testcase> <!-- taskDao_should_provide_basic_case_insensitive_full_text_search on taskDao_should_provide_basic_case_insensitive_full_text_search(org.jboss.as.quickstarts.tasksrs.TaskDaoTest) -->
  <testcase name="taskDao_should_remove_task_from_detachedUser on taskDao_should_remove_task_from_detachedUser(org.jboss.as.quickstarts.tasksrs.TaskDaoTest)" time="0.0" classname="org.jboss.as.quickstarts.tasksrs.TaskDaoTest">
    <skipped/>
  </testcase> <!-- taskDao_should_remove_task_from_detachedUser on taskDao_should_remove_task_from_detachedUser(org.jboss.as.quickstarts.tasksrs.TaskDaoTest) -->
  <testcase name="createTaskWithNewUser on createTaskWithNewUser(org.jboss.as.quickstarts.tasksrs.service.TaskResourceTest)" time="0.719" classname="org.jboss.as.quickstarts.tasksrs.service.TaskResourceTest"/>
  <testcase name="getTaskByIdWithNonExistingUser on getTaskByIdWithNonExistingUser(org.jboss.as.quickstarts.tasksrs.service.TaskResourceTest)" time="0.722" classname="org.jboss.as.quickstarts.tasksrs.service.TaskResourceTest"/>
  <testcase name="deleteTaskById on deleteTaskById(org.jboss.as.quickstarts.tasksrs.service.TaskResourceTest)" time="0.724" classname="org.jboss.as.quickstarts.tasksrs.service.TaskResourceTest"/>
  <testcase name="getUsersSortedByTask on getUsersSortedByTask(org.jboss.as.quickstarts.tasksrs.service.UserResourceTest)" time="0.0" classname="org.jboss.as.quickstarts.tasksrs.service.UserResourceTest">
    <skipped/>
  </testcase> <!-- getUsersSortedByTask on getUsersSortedByTask(org.jboss.as.quickstarts.tasksrs.service.UserResourceTest) -->
</testsuite> <!-- Surefire test -->
